<?xml version="1.0" encoding="UTF-8"?>
<!-- Generated by org.testng.reporters.JUnitReportReporter -->
<testsuite hostname="WINDOWS-7F9U7OB" failures="0" tests="4" name="TestRunner.AllFeaturesRunner" time="37.402" errors="0" timestamp="2021-02-07T17:55:03 IST" skipped="0">
  <testcase classname="TestRunner.AllFeaturesRunner" name="runScenario" time="14.225"/>
  <system-out/>
  <testcase classname="TestRunner.AllFeaturesRunner" name="runScenario" time="5.556"/>
  <system-out/>
  <testcase classname="TestRunner.AllFeaturesRunner" name="runScenario" time="4.099"/>
  <system-out/>
  <testcase classname="TestRunner.AllFeaturesRunner" name="runScenario" time="13.522"/>
  <system-out/>
</testsuite> <!-- TestRunner.AllFeaturesRunner -->
