<?xml version="1.0" encoding="UTF-8"?>
<!-- Generated by org.testng.reporters.JUnitReportReporter -->
<testsuite hostname="WINDOWS-7F9U7OB" failures="0" tests="1" name="TestRunner.TestRunner" time="6.884" errors="0" timestamp="2021-02-05T23:28:04 IST" skipped="0">
  <testcase classname="TestRunner.TestRunner" name="runScenario" time="6.884"/>
  <system-out/>
</testsuite> <!-- TestRunner.TestRunner -->
